<?xml version="1.0" encoding="UTF-8"?>
<testng-results skipped="0" failed="1" ignored="0" total="1" passed="0">
  <reporter-output>
  </reporter-output>
  <suite name="Default suite" duration-ms="190643" started-at="2022-10-26T09:25:12 IST" finished-at="2022-10-26T09:28:22 IST">
    <groups>
    </groups>
    <test name="Default test" duration-ms="190643" started-at="2022-10-26T09:25:12 IST" finished-at="2022-10-26T09:28:22 IST">
      <class name="testcase.TestCase_001">
        <test-method status="PASS" signature="preCondition()[pri:0, instance:testcase.TestCase_001@319b92f3]" name="preCondition" is-config="true" duration-ms="19535" started-at="2022-10-26T09:25:12 IST" finished-at="2022-10-26T09:25:31 IST">
          <reporter-output>
          </reporter-output>
        </test-method> <!-- preCondition -->
        <test-method status="FAIL" signature="runCreateIncent()[pri:0, instance:testcase.TestCase_001@319b92f3]" name="runCreateIncent" duration-ms="154739" started-at="2022-10-26T09:25:31 IST" finished-at="2022-10-26T09:28:06 IST">
          <exception class="org.openqa.selenium.NoSuchFrameException">
            <message>
              <![CDATA[No frame element found by name or id gsft_main
Build info: version: '4.1.1', revision: 'e8fcc2cecf'
System info: host: 'TL0020', ip: '192.168.1.151', os.name: 'Windows 10', os.arch: 'amd64', os.version: '10.0', java.version: '1.8.0_271'
Driver info: driver.version: unknown]]>
            </message>
            <full-stacktrace>
              <![CDATA[org.openqa.selenium.NoSuchFrameException: No frame element found by name or id gsft_main
Build info: version: '4.1.1', revision: 'e8fcc2cecf'
System info: host: 'TL0020', ip: '192.168.1.151', os.name: 'Windows 10', os.arch: 'amd64', os.version: '10.0', java.version: '1.8.0_271'
Driver info: driver.version: unknown
at org.openqa.selenium.remote.RemoteWebDriver$RemoteTargetLocator.frame(RemoteWebDriver.java:1030)
at pages.DropPage.textValue(DropPage.java:33)
at testcase.TestCase_001.runCreateIncent(TestCase_001.java:15)
at sun.reflect.NativeMethodAccessorImpl.invoke0(Native Method)
at sun.reflect.NativeMethodAccessorImpl.invoke(NativeMethodAccessorImpl.java:62)
at sun.reflect.DelegatingMethodAccessorImpl.invoke(DelegatingMethodAccessorImpl.java:43)
at java.lang.reflect.Method.invoke(Method.java:498)
at org.testng.internal.MethodInvocationHelper.invokeMethod(MethodInvocationHelper.java:133)
at org.testng.internal.TestInvoker.invokeMethod(TestInvoker.java:598)
at org.testng.internal.TestInvoker.invokeTestMethod(TestInvoker.java:173)
at org.testng.internal.MethodRunner.runInSequence(MethodRunner.java:46)
at org.testng.internal.TestInvoker$MethodInvocationAgent.invoke(TestInvoker.java:824)
at org.testng.internal.TestInvoker.invokeTestMethods(TestInvoker.java:146)
at org.testng.internal.TestMethodWorker.invokeTestMethods(TestMethodWorker.java:146)
at org.testng.internal.TestMethodWorker.run(TestMethodWorker.java:128)
at java.util.ArrayList.forEach(ArrayList.java:1259)
at org.testng.TestRunner.privateRun(TestRunner.java:794)
at org.testng.TestRunner.run(TestRunner.java:596)
at org.testng.SuiteRunner.runTest(SuiteRunner.java:377)
at org.testng.SuiteRunner.runSequentially(SuiteRunner.java:371)
at org.testng.SuiteRunner.privateRun(SuiteRunner.java:332)
at org.testng.SuiteRunner.run(SuiteRunner.java:276)
at org.testng.SuiteRunnerWorker.runSuite(SuiteRunnerWorker.java:53)
at org.testng.SuiteRunnerWorker.run(SuiteRunnerWorker.java:96)
at org.testng.TestNG.runSuitesSequentially(TestNG.java:1212)
at org.testng.TestNG.runSuitesLocally(TestNG.java:1134)
at org.testng.TestNG.runSuites(TestNG.java:1063)
at org.testng.TestNG.run(TestNG.java:1031)
at org.testng.remote.AbstractRemoteTestNG.run(AbstractRemoteTestNG.java:115)
at org.testng.remote.RemoteTestNG.initAndRun(RemoteTestNG.java:251)
at org.testng.remote.RemoteTestNG.main(RemoteTestNG.java:77)
]]>
            </full-stacktrace>
          </exception> <!-- org.openqa.selenium.NoSuchFrameException -->
          <reporter-output>
          </reporter-output>
        </test-method> <!-- runCreateIncent -->
        <test-method status="PASS" signature="postCondition()[pri:0, instance:testcase.TestCase_001@319b92f3]" name="postCondition" is-config="true" duration-ms="16279" started-at="2022-10-26T09:28:06 IST" finished-at="2022-10-26T09:28:22 IST">
          <reporter-output>
          </reporter-output>
        </test-method> <!-- postCondition -->
      </class> <!-- testcase.TestCase_001 -->
    </test> <!-- Default test -->
  </suite> <!-- Default suite -->
</testng-results>
